v.size() = 0
v.capacity() = 0
miniVector
{
  [0] = 2002
}

miniVector
{
  [0] = 2002
  [1] = 2305
  [2] = 2305
  [3] = 2305
  [4] = 2305
  [5] = 2305
}

miniVector
{
  [0] = 0
  [1] = 2305
  [2] = 2
  [3] = 2305
  [4] = 4
  [5] = 2305
  [6] = 6
  [7] = 2305
  [8] = 8
  [9] = 2305
  [10] = 10
  [11] = 10
}

miniVector
{
  [0] = 2305
  [1] = 2
  [2] = 2305
  [3] = 4
  [4] = 2305
  [5] = 6
  [6] = 2305
  [7] = 8
  [8] = 2305
  [9] = 10
}

miniVector
{
  [0] = 2
  [1] = 2305
  [2] = 4
  [3] = 2305
  [4] = 6
  [5] = 2305
  [6] = 8
  [7] = 2305
  [8] = 10
}

miniVector
{
  [0] = 2305
  [1] = 4
  [2] = 2305
  [3] = 6
  [4] = 2305
  [5] = 8
  [6] = 2305
  [7] = 10
}

miniVector
{
  [0] = 4
  [1] = 2305
  [2] = 6
  [3] = 2305
  [4] = 8
  [5] = 2305
  [6] = 10
}

miniVector
{
  [0] = 2305
  [1] = 6
  [2] = 2305
  [3] = 8
  [4] = 2305
  [5] = 10
}

miniVector
{
  [0] = 6
  [1] = 2305
  [2] = 8
  [3] = 2305
  [4] = 10
}

miniVector
{
  [0] = 2305
  [1] = 8
  [2] = 2305
  [3] = 10
}

miniVector
{
  [0] = 8
  [1] = 2305
  [2] = 10
}

miniVector
{
  [0] = 2305
  [1] = 10
}

miniVector
{
  [0] = 10
}


