1 4 2 3 
2 3 1 4 
3 2 4 1 
4 1 3 2 
Board #1 is valid
2 1 3 4 
3 4 2 1 
1 2 1 4 
4 3 2 1 
Board #2 is invalid
1 2 3 4 
2 3 4 1 
3 4 1 2 
4 1 2 3 
Board #3 is invalid
1 1 1 1 
2 2 2 2 
3 3 3 3 
4 4 4 4 
Board #4 is invalid
1 2 3 4 
1 2 3 4 
1 2 3 4 
1 2 3 4 
Board #5 is invalid
1 2 3 4 
2 3 4 1 
3 4 1 2 
4 1 2 3 
Board #6 is invalid
1 2 3 4 
4 3 2 1 
3 4 1 2 
2 1 4 3 
Board #7 is valid
4 3 2 1 
1 2 3 4 
2 1 4 3 
3 4 1 2 
Board #8 is valid
1 2 3 4 
4 3 2 1 
1 2 3 4 
4 3 2 1 
Board #9 is invalid
1 4 1 4 
2 3 2 3 
3 2 3 2 
4 1 4 1 
Board #10 is invalid
