5 -> 5

7.7 -> 1
6.6 -> 1
5.5 -> 1
4.4 -> 1
3.3 -> 1
2.2 -> 1
1.1 -> 1

r -> 2
a -> 2
c -> 2
e -> 1

Before Sorting by Frequency
Cadillac -> 1
GMC -> 4
Lexus -> 3
Dodge -> 2
BMW -> 2

After Sorting by Frequency
Cadillac -> 1
Dodge -> 2
BMW -> 2
Lexus -> 3
GMC -> 4

Before Sorting by Frequency
1 -> 3
9 -> 6
2 -> 1
  -> 38
3 -> 1
4 -> 1

 -> 5
T -> 6
h -> 3
i -> 9
s -> 8
a -> 9
t -> 5
e -> 4
o -> 8
f -> 2
y -> 5
u -> 2
r -> 6
w -> 5
d -> 6
n -> 4
l -> 3
p -> 1
g -> 2
m -> 2
. -> 2
H -> 3
b -> 1
v -> 1
? -> 2
W -> 2
A -> 5
B -> 1
O -> 2
U -> 1
S -> 2
R -> 2
I -> 5
N -> 6
G -> 2
E -> 1
D -> 1
M -> 1
, -> 1
" -> 2
k -> 1
C -> 1
+ -> 2

After Sorting by Frequency
M -> 1
B -> 1
U -> 1
v -> 1
b -> 1
E -> 1
D -> 1
, -> 1
p -> 1
k -> 1
4 -> 1
3 -> 1
C -> 1
2 -> 1
G -> 2
. -> 2
? -> 2
m -> 2
W -> 2
O -> 2
S -> 2
R -> 2
g -> 2
" -> 2
+ -> 2
f -> 2
u -> 2
l -> 3
H -> 3
h -> 3
1 -> 3
e -> 4
n -> 4
A -> 5
y -> 5
w -> 5

 -> 5
I -> 5
t -> 5
9 -> 6
T -> 6
N -> 6
d -> 6
r -> 6
s -> 8
o -> 8
a -> 9
i -> 9
  -> 38

Before Sorting by Frequency
1992 -> 1
1993 -> 1
1994 -> 1
This -> 1
is -> 1
a -> 2
test -> 1
of -> 1
your -> 1
word -> 1
analysis -> 1
program -> 1
How -> 1
many -> 1
words -> 1
did -> 1
you -> 1
find -> 1
that -> 1
begin -> 1
with -> 1
vowel -> 1
WHAT -> 1
ABOUT -> 1
STARTING -> 1
WITH -> 1
AN -> 2
S -> 1
OR -> 1
ENDING -> 1
IN -> 1
s -> 1
Mary -> 1
said -> 1
I -> 1
like -> 1
C -> 1

After Sorting by Frequency
OR -> 1
begin -> 1
with -> 1
vowel -> 1
WHAT -> 1
ABOUT -> 1
STARTING -> 1
WITH -> 1
S -> 1
that -> 1
ENDING -> 1
IN -> 1
s -> 1
Mary -> 1
said -> 1
I -> 1
like -> 1
C -> 1
analysis -> 1
1993 -> 1
1994 -> 1
This -> 1
is -> 1
test -> 1
of -> 1
your -> 1
word -> 1
1992 -> 1
program -> 1
How -> 1
many -> 1
words -> 1
did -> 1
you -> 1
find -> 1
AN -> 2
a -> 2

