s = {1,2,4,8,16,32}
s.cardinality() = 6

sCopy = {1,2,4,8,16,32}
sCopy.cardinality() = 6

t = {0,3,5,6,7,9,10,11,12,13,14,15,17,18,19,20,21,22,23,24,25,26,27,28,29,30,31,33,34,35,36,37,38,39}
t.cardinality() = 34

s.cardinality() = 0

s = {3,6,9,12,15}
s.cardinality() = 5

sCopy = {3,6,9,12,15}
sCopy.cardinality() = 5

t = {0,1,2,4,5,7,8,10,11,13,14,16,17,18,19,20,21,22,23,24,25,26,27,28,29,30,31,32,33,34,35,36,37,38,39}
t.cardinality() = 35

s.cardinality() = 0

s = {4,8,12,16,20,24,28,32,36}
s.cardinality() = 9

sCopy = {4,8,12,16,20,24,28,32,36}
sCopy.cardinality() = 9

t = {0,1,2,3,5,6,7,9,10,11,13,14,15,17,18,19,21,22,23,25,26,27,29,30,31,33,34,35,37,38,39}
t.cardinality() = 31

s.cardinality() = 0

s = {0,1,2,3,4,5,6,7,8,9,10,11,12,13,14,15,16,17,18,19,20,21,22,23,24,25,26,27,28,29,30,31,32,33,34,35,36,37,38,39}
s.cardinality() = 40

sCopy = {0,1,2,3,4,5,6,7,8,9,10,11,12,13,14,15,16,17,18,19,20,21,22,23,24,25,26,27,28,29,30,31,32,33,34,35,36,37,38,39}
sCopy.cardinality() = 40

t = Ø
t.cardinality() = 0

s.cardinality() = 0

s = Ø
s.cardinality() = 0

sCopy = Ø
sCopy.cardinality() = 0

t = {0,1,2,3,4,5,6,7,8,9,10,11,12,13,14,15,16,17,18,19,20,21,22,23,24,25,26,27,28,29,30,31,32,33,34,35,36,37,38,39}
t.cardinality() = 40

s.cardinality() = 0

