1/-2 -3/1 0/1
-3/4 + 3/4 = 0/1
-3/4 - 3/4 = -3/2
-3/4 * 3/4 = -9/16
-3/4 / 3/4 = -1/1
3/-4 + -3/-4 = 0/1
3/-4 - -3/-4 = -3/2
3/-4 * -3/-4 = -9/16
3/-4 / -3/-4 = -1/1
25/45 + 8/99 = 7/11
25/45 - 8/99 = 47/99
25/45 * 8/99 = 40/891
25/45 / 8/99 = 55/8
1/1 + 2/1 = 3/1
1/1 - 2/1 = -1/1
1/1 * 2/1 = 2/1
1/1 / 2/1 = 1/2
129/6579 + 1935/249 = 32978/4233
129/6579 - 1935/249 = -32812/4233
129/6579 * 1935/249 = 215/1411
129/6579 / 1935/249 = 83/32895
1331/1651 + 2301/1079 = 402700/137033
1331/1651 - 2301/1079 = -181754/137033
1331/1651 * 2301/1079 = 235587/137033
1331/1651 / 2301/1079 = 110473/292227
3/1260 + 6/198 = 151/4620
3/1260 - 6/198 = -43/1540
3/1260 * 6/198 = 1/13860
3/1260 / 6/198 = 11/140
43/1935 + 207/6579 = 1766/32895
43/1935 - 207/6579 = -304/32895
43/1935 * 207/6579 = 23/32895
43/1935 / 207/6579 = 731/1035
5/7 + -25/-35 = 10/7
5/7 - -25/-35 = 0/1
5/7 * -25/-35 = 25/49
5/7 / -25/-35 = 1/1
-83/1651 + 127/-1079 = -23018/137033
-83/1651 - 127/-1079 = 9240/137033
-83/1651 * 127/-1079 = 1/169
-83/1651 / 127/-1079 = 6889/16129
1079/1651 + -1651/1079 = -9240/10541
1079/1651 - -1651/1079 = 23018/10541
1079/1651 * -1651/1079 = -1/1
1079/1651 / -1651/1079 = -6889/16129
