 s = {1,2,3,4}
s.cardinality() = 4
 t = {1,4,5}
t.cardinality() = 3
s == t = false
s <= t = false
s <  t = false
 s = {1,2,4,8,16,32}
s.cardinality() = 6
 t = {3,6,9,12,15}
t.cardinality() = 5
s == t = false
s <= t = false
s <  t = false
 s = {4,8,12,16,20,24,28,32,36}
s.cardinality() = 9
 t = {0,1,2,3,4,5,6,7,8,9,10,11,12,13,14,15,16,17,18,19,20,21,22,23,24,25,26,27,28,29,30,31,32,33,34,35,36,37,38,39}
t.cardinality() = 40
s == t = false
s <= t = true
s <  t = true
 s = Ø
s.cardinality() = 0
 t = Ø
t.cardinality() = 0
s == t = true
s <= t = true
s <  t = false
