Array a contains:
5 15 25 35 45 
25 is in array a and is located at index 2

Array a contains:
5 15 25 35 45 
55 is not in array a

Array b contains:
1.1 2.2 3.3 4.4 5.5 6.6 7.7 
1.1 is in array b and is located at index 0

Array b contains:
1.1 2.2 3.3 4.4 5.5 6.6 7.7 
11.11 is not in array b

Array c contains:
a b c d e f g h i j k l m n o p q r s t u v w x y z 
z is in array c and is located at index 25

Array c contains:
a b c d e f g h i j k l m n o p q r s t u v w x y z 
Z is not in array c

Array d contains:
Audi BMW Bentley Buick Cadillac Chevrolet Dodge GMC Jaguar Lexus 
Cadillac is in array d and is located at index 4

Array d contains:
Audi BMW Bentley Buick Cadillac Chevrolet Dodge GMC Jaguar Lexus 
Mercedes is not in array d

