rat = -3/4 ++rat = 1/4
rat = -3/4 rat++ = -3/4 rat = 1/4
rat = -3/4 --rat = -7/4
rat = -3/4 rat-- = -3/4 rat = -7/4
rat = 3/4 ++rat = 7/4
rat = 3/4 rat++ = 3/4 rat = 7/4
rat = 3/4 --rat = -1/4
rat = 3/4 rat-- = 3/4 rat = -1/4
rat = 3/-4 ++rat = 1/4
rat = 3/-4 rat++ = 3/-4 rat = 1/4
rat = 3/-4 --rat = -7/4
rat = 3/-4 rat-- = 3/-4 rat = -7/4
rat = -3/-4 ++rat = 7/4
rat = -3/-4 rat++ = -3/-4 rat = 7/4
rat = -3/-4 --rat = -1/4
rat = -3/-4 rat-- = -3/-4 rat = -1/4
rat = 25/45 ++rat = 14/9
rat = 25/45 rat++ = 25/45 rat = 14/9
rat = 25/45 --rat = -4/9
rat = 25/45 rat-- = 25/45 rat = -4/9
rat = 8/99 ++rat = 107/99
rat = 8/99 rat++ = 8/99 rat = 107/99
rat = 8/99 --rat = -91/99
rat = 8/99 rat-- = 8/99 rat = -91/99
rat = 1/1 ++rat = 2/1
rat = 1/1 rat++ = 1/1 rat = 2/1
rat = 1/1 --rat = 0/1
rat = 1/1 rat-- = 1/1 rat = 0/1
rat = 2/1 ++rat = 3/1
rat = 2/1 rat++ = 2/1 rat = 3/1
rat = 2/1 --rat = 1/1
rat = 2/1 rat-- = 2/1 rat = 1/1
rat = 129/6579 ++rat = 52/51
rat = 129/6579 rat++ = 129/6579 rat = 52/51
rat = 129/6579 --rat = -50/51
rat = 129/6579 rat-- = 129/6579 rat = -50/51
rat = 1935/249 ++rat = 728/83
rat = 1935/249 rat++ = 1935/249 rat = 728/83
rat = 1935/249 --rat = 562/83
rat = 1935/249 rat-- = 1935/249 rat = 562/83
rat = 1331/1651 ++rat = 2982/1651
rat = 1331/1651 rat++ = 1331/1651 rat = 2982/1651
rat = 1331/1651 --rat = -320/1651
rat = 1331/1651 rat-- = 1331/1651 rat = -320/1651
rat = 2301/1079 ++rat = 260/83
rat = 2301/1079 rat++ = 2301/1079 rat = 260/83
rat = 2301/1079 --rat = 94/83
rat = 2301/1079 rat-- = 2301/1079 rat = 94/83
rat = 3/1260 ++rat = 421/420
rat = 3/1260 rat++ = 3/1260 rat = 421/420
rat = 3/1260 --rat = -419/420
rat = 3/1260 rat-- = 3/1260 rat = -419/420
rat = 6/198 ++rat = 34/33
rat = 6/198 rat++ = 6/198 rat = 34/33
rat = 6/198 --rat = -32/33
rat = 6/198 rat-- = 6/198 rat = -32/33
rat = 43/1935 ++rat = 46/45
rat = 43/1935 rat++ = 43/1935 rat = 46/45
rat = 43/1935 --rat = -44/45
rat = 43/1935 rat-- = 43/1935 rat = -44/45
rat = 207/6579 ++rat = 754/731
rat = 207/6579 rat++ = 207/6579 rat = 754/731
rat = 207/6579 --rat = -708/731
rat = 207/6579 rat-- = 207/6579 rat = -708/731
rat = 5/7 ++rat = 12/7
rat = 5/7 rat++ = 5/7 rat = 12/7
rat = 5/7 --rat = -2/7
rat = 5/7 rat-- = 5/7 rat = -2/7
rat = -25/-35 ++rat = 12/7
rat = -25/-35 rat++ = -25/-35 rat = 12/7
rat = -25/-35 --rat = -2/7
rat = -25/-35 rat-- = -25/-35 rat = -2/7
rat = -83/1651 ++rat = 1568/1651
rat = -83/1651 rat++ = -83/1651 rat = 1568/1651
rat = -83/1651 --rat = -1734/1651
rat = -83/1651 rat-- = -83/1651 rat = -1734/1651
rat = 127/-1079 ++rat = 952/1079
rat = 127/-1079 rat++ = 127/-1079 rat = 952/1079
rat = 127/-1079 --rat = -1206/1079
rat = 127/-1079 rat-- = 127/-1079 rat = -1206/1079
rat = 1079/1651 ++rat = 210/127
rat = 1079/1651 rat++ = 1079/1651 rat = 210/127
rat = 1079/1651 --rat = -44/127
rat = 1079/1651 rat-- = 1079/1651 rat = -44/127
rat = -1651/1079 ++rat = -44/83
rat = -1651/1079 rat++ = -1651/1079 rat = -44/83
rat = -1651/1079 --rat = -210/83
rat = -1651/1079 rat-- = -1651/1079 rat = -210/83
