1/-2 -3/1 0/1
-3/4 == 3/4 = false
-3/4 != 3/4 = true
-3/4 <  3/4 = true
-3/4 <= 3/4 = true
-3/4 >  3/4 = false
-3/4 >= 3/4 = false
3/-4 == -3/-4 = false
3/-4 != -3/-4 = true
3/-4 <  -3/-4 = true
3/-4 <= -3/-4 = true
3/-4 >  -3/-4 = false
3/-4 >= -3/-4 = false
25/45 == 8/99 = false
25/45 != 8/99 = true
25/45 <  8/99 = false
25/45 <= 8/99 = false
25/45 >  8/99 = true
25/45 >= 8/99 = true
1/1 == 2/1 = false
1/1 != 2/1 = true
1/1 <  2/1 = true
1/1 <= 2/1 = true
1/1 >  2/1 = false
1/1 >= 2/1 = false
129/6579 == 1935/249 = false
129/6579 != 1935/249 = true
129/6579 <  1935/249 = true
129/6579 <= 1935/249 = true
129/6579 >  1935/249 = false
129/6579 >= 1935/249 = false
1331/1651 == 2301/1079 = false
1331/1651 != 2301/1079 = true
1331/1651 <  2301/1079 = true
1331/1651 <= 2301/1079 = true
1331/1651 >  2301/1079 = false
1331/1651 >= 2301/1079 = false
3/1260 == 6/198 = false
3/1260 != 6/198 = true
3/1260 <  6/198 = true
3/1260 <= 6/198 = true
3/1260 >  6/198 = false
3/1260 >= 6/198 = false
43/1935 == 207/6579 = false
43/1935 != 207/6579 = true
43/1935 <  207/6579 = true
43/1935 <= 207/6579 = true
43/1935 >  207/6579 = false
43/1935 >= 207/6579 = false
5/7 == -25/-35 = true
5/7 != -25/-35 = false
5/7 <  -25/-35 = false
5/7 <= -25/-35 = true
5/7 >  -25/-35 = false
5/7 >= -25/-35 = true
-83/1651 == 127/-1079 = false
-83/1651 != 127/-1079 = true
-83/1651 <  127/-1079 = false
-83/1651 <= 127/-1079 = false
-83/1651 >  127/-1079 = true
-83/1651 >= 127/-1079 = true
1079/1651 == -1651/1079 = false
1079/1651 != -1651/1079 = true
1079/1651 <  -1651/1079 = false
1079/1651 <= -1651/1079 = false
1079/1651 >  -1651/1079 = true
1079/1651 >= -1651/1079 = true
