0235
0253
0325
0352
0523
0532
2035
2053
2305
2350
2503
2530
3025
3052
3205
3250
3502
3520
5023
5032
5203
5230
5302
5320

0.52.3
2.30.5

abc
acb
bac
bca
cab
cba

x

pq
qp

1234
1243
1324
1342
1423
1432
2134
2143
2314
2341
2413
2431
3124
3142
3214
3241
3412
3421
4123
4132
4213
4231
4312
4321

aabb
abab
abba
baab
baba
bbaa

loot
loto
ltoo
olot
olto
oolt
ootl
otlo
otol
tloo
tolo
tool

mm

innoo
inono
inoon
ionno
ionon
ioonn
ninoo
niono
nioon
nnioo
nnoio
nnooi
noino
noion
nonio
nonoi
nooin
nooni
oinno
oinon
oionn
onino
onion
onnio
onnoi
onoin
ononi
ooinn
oonin
oonni

eorrr
erorr
error
errro
oerrr
orerr
orrer
orrre
reorr
reror
rerro
roerr
rorer
rorre
rreor
rrero
rroer
rrore
rrreo
rrroe

aaabnn
aaanbn
aaannb
aabann
aabnan
aabnna
aanabn
aananb
aanban
aanbna
aannab
aannba
abaann
abanan
abanna
abnaan
abnana
abnnaa
anaabn
anaanb
anaban
anabna
ananab
ananba
anbaan
anbana
anbnaa
annaab
annaba
annbaa
baaann
baanan
baanna
banaan
banana
bannaa
bnaaan
bnaana
bnanaa
bnnaaa
naaabn
naaanb
naaban
naabna
naanab
naanba
nabaan
nabana
nabnaa
nanaab
nanaba
nanbaa
nbaaan
nbaana
nbanaa
nbnaaa
nnaaab
nnaaba
nnabaa
nnbaaa

