[0m2021.09.05 17:55:30 INFO  Started: Metals version 0.10.5 in workspace '/home/trainingmontage/school/cs2336' for client Visual Studio Code 1.59.1.[0m
[0m2021.09.05 17:55:33 INFO  time: initialize in 2.56s[0m
[0m2021.09.05 17:55:33 WARN  Build server is not auto-connectable.[0m
[0m2021.09.05 17:55:33 WARN  no build tool detected in workspace '/home/trainingmontage/school/cs2336'. The most common cause for this problem is that the editor was opened in the wrong working directory, for example if you use sbt then the workspace directory should contain build.sbt. [0m
Sep 05, 2021 7:46:17 PM org.eclipse.lsp4j.jsonrpc.services.GenericEndpoint notify
INFO: Unsupported notification method: $/setTrace
Sep 05, 2021 7:46:17 PM org.eclipse.lsp4j.jsonrpc.services.GenericEndpoint notify
INFO: Unsupported notification method: $/setTrace
[0m2021.09.06 15:38:46 INFO  shutting down Metals[0m
[0m2021.09.12 14:07:30 INFO  Started: Metals version 0.10.6 in workspace '/home/trainingmontage/school/2336' for client Visual Studio Code 1.59.1.[0m
[0m2021.09.12 14:07:31 INFO  time: initialize in 1.58s[0m
[0m2021.09.12 14:07:32 WARN  Build server is not auto-connectable.[0m
[0m2021.09.12 14:07:32 WARN  no build tool detected in workspace '/home/trainingmontage/school/2336'. The most common cause for this problem is that the editor was opened in the wrong working directory, for example if you use sbt then the workspace directory should contain build.sbt. [0m
Sep 12, 2021 2:10:54 PM org.eclipse.lsp4j.jsonrpc.services.GenericEndpoint notify
INFO: Unsupported notification method: $/setTrace
Sep 12, 2021 2:10:54 PM org.eclipse.lsp4j.jsonrpc.services.GenericEndpoint notify
INFO: Unsupported notification method: $/setTrace
Sep 12, 2021 10:18:25 PM org.eclipse.lsp4j.jsonrpc.services.GenericEndpoint notify
INFO: Unsupported notification method: $/setTrace
Sep 12, 2021 10:20:09 PM org.eclipse.lsp4j.jsonrpc.services.GenericEndpoint notify
INFO: Unsupported notification method: $/setTrace
Sep 12, 2021 10:20:33 PM org.eclipse.lsp4j.jsonrpc.services.GenericEndpoint notify
INFO: Unsupported notification method: $/setTrace
Sep 12, 2021 10:38:45 PM org.eclipse.lsp4j.jsonrpc.services.GenericEndpoint notify
INFO: Unsupported notification method: $/setTrace
Sep 12, 2021 10:38:49 PM org.eclipse.lsp4j.jsonrpc.services.GenericEndpoint notify
INFO: Unsupported notification method: $/setTrace
Sep 12, 2021 10:41:19 PM org.eclipse.lsp4j.jsonrpc.services.GenericEndpoint notify
INFO: Unsupported notification method: $/setTrace
Sep 12, 2021 10:45:09 PM org.eclipse.lsp4j.jsonrpc.services.GenericEndpoint notify
INFO: Unsupported notification method: $/setTrace
Sep 12, 2021 10:46:00 PM org.eclipse.lsp4j.jsonrpc.services.GenericEndpoint notify
INFO: Unsupported notification method: $/setTrace
Sep 12, 2021 10:46:02 PM org.eclipse.lsp4j.jsonrpc.services.GenericEndpoint notify
INFO: Unsupported notification method: $/setTrace
Sep 13, 2021 12:37:31 AM org.eclipse.lsp4j.jsonrpc.services.GenericEndpoint notify
INFO: Unsupported notification method: $/setTrace
Sep 14, 2021 3:03:32 PM org.eclipse.lsp4j.jsonrpc.services.GenericEndpoint notify
INFO: Unsupported notification method: $/setTrace
Sep 14, 2021 3:10:26 PM org.eclipse.lsp4j.jsonrpc.services.GenericEndpoint notify
INFO: Unsupported notification method: $/setTrace
Sep 14, 2021 3:15:27 PM org.eclipse.lsp4j.jsonrpc.services.GenericEndpoint notify
INFO: Unsupported notification method: $/setTrace
[0m2021.09.14 19:30:38 INFO  shutting down Metals[0m
[0m2021.09.14 19:34:21 INFO  Started: Metals version 0.10.6 in workspace '/home/trainingmontage/school/2336' for client Visual Studio Code 1.60.1.[0m
[0m2021.09.14 19:34:23 INFO  time: initialize in 2.21s[0m
[0m2021.09.14 19:34:24 WARN  Build server is not auto-connectable.[0m
[0m2021.09.14 19:34:24 WARN  no build tool detected in workspace '/home/trainingmontage/school/2336'. The most common cause for this problem is that the editor was opened in the wrong working directory, for example if you use sbt then the workspace directory should contain build.sbt. [0m
Sep 14, 2021 8:25:41 PM org.eclipse.lsp4j.jsonrpc.services.GenericEndpoint notify
INFO: Unsupported notification method: $/setTrace
[0m2021.09.15 06:51:26 INFO  shutting down Metals[0m
[0m2021.09.22 17:40:53 INFO  Started: Metals version 0.10.7 in workspace '/home/trainingmontage/school/2336' for client Visual Studio Code 1.60.2.[0m
[0m2021.09.22 17:40:56 INFO  time: initialize in 3.08s[0m
[0m2021.09.22 17:40:57 WARN  Build server is not auto-connectable.[0m
[0m2021.09.22 17:40:57 WARN  no build tool detected in workspace '/home/trainingmontage/school/2336'. The most common cause for this problem is that the editor was opened in the wrong working directory, for example if you use sbt then the workspace directory should contain build.sbt. [0m
Sep 22, 2021 5:41:12 PM org.eclipse.lsp4j.jsonrpc.services.GenericEndpoint notify
INFO: Unsupported notification method: $/setTrace
Sep 22, 2021 5:41:48 PM org.eclipse.lsp4j.jsonrpc.services.GenericEndpoint notify
INFO: Unsupported notification method: $/setTrace
Sep 22, 2021 7:19:10 PM org.eclipse.lsp4j.jsonrpc.services.GenericEndpoint notify
INFO: Unsupported notification method: $/setTrace
Sep 22, 2021 8:16:12 PM org.eclipse.lsp4j.jsonrpc.services.GenericEndpoint notify
INFO: Unsupported notification method: $/setTrace
Sep 22, 2021 8:16:13 PM org.eclipse.lsp4j.jsonrpc.services.GenericEndpoint notify
INFO: Unsupported notification method: $/setTrace
Sep 23, 2021 6:07:51 PM org.eclipse.lsp4j.jsonrpc.services.GenericEndpoint notify
INFO: Unsupported notification method: $/setTrace
Sep 23, 2021 6:07:52 PM org.eclipse.lsp4j.jsonrpc.services.GenericEndpoint notify
INFO: Unsupported notification method: $/setTrace
Sep 25, 2021 6:10:35 AM org.eclipse.lsp4j.jsonrpc.services.GenericEndpoint notify
INFO: Unsupported notification method: $/setTrace
Sep 25, 2021 6:40:05 AM org.eclipse.lsp4j.jsonrpc.services.GenericEndpoint notify
INFO: Unsupported notification method: $/setTrace
Sep 25, 2021 8:10:19 AM org.eclipse.lsp4j.jsonrpc.services.GenericEndpoint notify
INFO: Unsupported notification method: $/setTrace
Sep 25, 2021 8:54:50 AM org.eclipse.lsp4j.jsonrpc.services.GenericEndpoint notify
INFO: Unsupported notification method: $/setTrace
Sep 25, 2021 10:27:27 AM org.eclipse.lsp4j.jsonrpc.services.GenericEndpoint notify
INFO: Unsupported notification method: $/setTrace
Sep 27, 2021 6:13:54 AM org.eclipse.lsp4j.jsonrpc.services.GenericEndpoint notify
INFO: Unsupported notification method: $/setTrace
[0m2021.09.27 06:21:28 INFO  shutting down Metals[0m
[0m2021.09.27 06:21:43 INFO  Started: Metals version 0.10.7 in workspace '/home/trainingmontage/school/2336' for client Visual Studio Code 1.60.2.[0m
[0m2021.09.27 06:21:45 INFO  time: initialize in 1.64s[0m
[0m2021.09.27 06:21:46 WARN  Build server is not auto-connectable.[0m
[0m2021.09.27 06:21:46 WARN  no build tool detected in workspace '/home/trainingmontage/school/2336'. The most common cause for this problem is that the editor was opened in the wrong working directory, for example if you use sbt then the workspace directory should contain build.sbt. [0m
Sep 27, 2021 9:23:14 PM org.eclipse.lsp4j.jsonrpc.services.GenericEndpoint notify
INFO: Unsupported notification method: $/setTrace
Sep 30, 2021 5:15:52 PM org.eclipse.lsp4j.jsonrpc.services.GenericEndpoint notify
INFO: Unsupported notification method: $/setTrace
Oct 01, 2021 7:09:09 AM org.eclipse.lsp4j.jsonrpc.services.GenericEndpoint notify
INFO: Unsupported notification method: $/setTrace
Oct 02, 2021 4:01:58 PM org.eclipse.lsp4j.jsonrpc.services.GenericEndpoint notify
INFO: Unsupported notification method: $/setTrace
Oct 02, 2021 4:03:04 PM org.eclipse.lsp4j.jsonrpc.services.GenericEndpoint notify
INFO: Unsupported notification method: $/setTrace
[0m2021.10.05 03:31:35 INFO  Started: Metals version 0.10.7 in workspace '/home/trainingmontage/school/2336' for client Visual Studio Code 1.60.2.[0m
[0m2021.10.05 03:31:37 INFO  time: initialize in 1.98s[0m
[0m2021.10.05 03:31:40 WARN  Build server is not auto-connectable.[0m
[0m2021.10.05 03:31:40 WARN  no build tool detected in workspace '/home/trainingmontage/school/2336'. The most common cause for this problem is that the editor was opened in the wrong working directory, for example if you use sbt then the workspace directory should contain build.sbt. [0m
[0m2021.10.05 03:31:54 INFO  shutting down Metals[0m
[0m2021.10.05 03:39:20 INFO  Started: Metals version 0.10.7 in workspace '/home/trainingmontage/school/2336' for client Visual Studio Code 1.60.2.[0m
[0m2021.10.05 03:39:22 INFO  time: initialize in 1.95s[0m
[0m2021.10.05 03:39:22 WARN  Build server is not auto-connectable.[0m
[0m2021.10.05 03:39:22 WARN  no build tool detected in workspace '/home/trainingmontage/school/2336'. The most common cause for this problem is that the editor was opened in the wrong working directory, for example if you use sbt then the workspace directory should contain build.sbt. [0m
Oct 05, 2021 3:43:09 AM org.eclipse.lsp4j.jsonrpc.services.GenericEndpoint notify
INFO: Unsupported notification method: $/setTrace
Oct 05, 2021 1:02:57 PM org.eclipse.lsp4j.jsonrpc.services.GenericEndpoint notify
INFO: Unsupported notification method: $/setTrace
Oct 05, 2021 2:21:59 PM org.eclipse.lsp4j.jsonrpc.services.GenericEndpoint notify
INFO: Unsupported notification method: $/setTrace
Oct 05, 2021 2:22:01 PM org.eclipse.lsp4j.jsonrpc.services.GenericEndpoint notify
INFO: Unsupported notification method: $/setTrace
Oct 05, 2021 2:22:01 PM org.eclipse.lsp4j.jsonrpc.services.GenericEndpoint notify
INFO: Unsupported notification method: $/setTrace
Oct 05, 2021 2:22:01 PM org.eclipse.lsp4j.jsonrpc.services.GenericEndpoint notify
INFO: Unsupported notification method: $/setTrace
Oct 08, 2021 5:08:24 PM org.eclipse.lsp4j.jsonrpc.services.GenericEndpoint notify
INFO: Unsupported notification method: $/setTrace
Oct 08, 2021 5:08:25 PM org.eclipse.lsp4j.jsonrpc.services.GenericEndpoint notify
INFO: Unsupported notification method: $/setTrace
Oct 08, 2021 5:08:25 PM org.eclipse.lsp4j.jsonrpc.services.GenericEndpoint notify
INFO: Unsupported notification method: $/setTrace
Oct 08, 2021 5:08:25 PM org.eclipse.lsp4j.jsonrpc.services.GenericEndpoint notify
INFO: Unsupported notification method: $/setTrace
Oct 08, 2021 6:33:53 PM org.eclipse.lsp4j.jsonrpc.services.GenericEndpoint notify
INFO: Unsupported notification method: $/setTrace
Oct 08, 2021 9:19:30 PM org.eclipse.lsp4j.jsonrpc.services.GenericEndpoint notify
INFO: Unsupported notification method: $/setTrace
Oct 08, 2021 9:20:27 PM org.eclipse.lsp4j.jsonrpc.services.GenericEndpoint notify
INFO: Unsupported notification method: $/setTrace
Oct 08, 2021 9:21:09 PM org.eclipse.lsp4j.jsonrpc.services.GenericEndpoint notify
INFO: Unsupported notification method: $/setTrace
Oct 08, 2021 9:21:31 PM org.eclipse.lsp4j.jsonrpc.services.GenericEndpoint notify
INFO: Unsupported notification method: $/setTrace
[0m2021.10.08 21:24:29 INFO  shutting down Metals[0m
[0m2021.10.08 21:24:45 INFO  Started: Metals version 0.10.7 in workspace '/home/trainingmontage/school/2336' for client Visual Studio Code 1.60.2.[0m
[0m2021.10.08 21:24:46 INFO  time: initialize in 1.69s[0m
[0m2021.10.08 21:24:47 WARN  Build server is not auto-connectable.[0m
[0m2021.10.08 21:24:47 WARN  no build tool detected in workspace '/home/trainingmontage/school/2336'. The most common cause for this problem is that the editor was opened in the wrong working directory, for example if you use sbt then the workspace directory should contain build.sbt. [0m
Oct 08, 2021 9:27:28 PM org.eclipse.lsp4j.jsonrpc.services.GenericEndpoint notify
INFO: Unsupported notification method: $/setTrace
Oct 08, 2021 9:31:59 PM org.eclipse.lsp4j.jsonrpc.services.GenericEndpoint notify
INFO: Unsupported notification method: $/setTrace
Oct 08, 2021 9:32:02 PM org.eclipse.lsp4j.jsonrpc.services.GenericEndpoint notify
INFO: Unsupported notification method: $/setTrace
Oct 08, 2021 9:32:02 PM org.eclipse.lsp4j.jsonrpc.services.GenericEndpoint notify
INFO: Unsupported notification method: $/setTrace
Oct 08, 2021 9:32:02 PM org.eclipse.lsp4j.jsonrpc.services.GenericEndpoint notify
INFO: Unsupported notification method: $/setTrace
Oct 09, 2021 9:17:12 AM org.eclipse.lsp4j.jsonrpc.services.GenericEndpoint notify
INFO: Unsupported notification method: $/setTrace
Oct 09, 2021 10:46:14 AM org.eclipse.lsp4j.jsonrpc.services.GenericEndpoint notify
INFO: Unsupported notification method: $/setTrace
Oct 09, 2021 2:40:47 PM org.eclipse.lsp4j.jsonrpc.services.GenericEndpoint notify
INFO: Unsupported notification method: $/setTrace
[0m2021.10.09 14:50:36 INFO  Started: Metals version 0.10.7 in workspace '/home/trainingmontage/school/2336' for client Visual Studio Code 1.60.2.[0m
[0m2021.10.09 14:50:38 INFO  time: initialize in 1.82s[0m
[0m2021.10.09 14:50:38 WARN  Build server is not auto-connectable.[0m
[0m2021.10.09 14:50:38 WARN  no build tool detected in workspace '/home/trainingmontage/school/2336'. The most common cause for this problem is that the editor was opened in the wrong working directory, for example if you use sbt then the workspace directory should contain build.sbt. [0m
Oct 09, 2021 2:52:48 PM org.eclipse.lsp4j.jsonrpc.services.GenericEndpoint notify
INFO: Unsupported notification method: $/setTrace
Oct 09, 2021 3:02:31 PM org.eclipse.lsp4j.jsonrpc.services.GenericEndpoint notify
INFO: Unsupported notification method: $/setTrace
Oct 09, 2021 3:02:35 PM org.eclipse.lsp4j.jsonrpc.services.GenericEndpoint notify
INFO: Unsupported notification method: $/setTrace
Oct 09, 2021 3:02:46 PM org.eclipse.lsp4j.jsonrpc.services.GenericEndpoint notify
INFO: Unsupported notification method: $/setTrace
Oct 09, 2021 3:02:51 PM org.eclipse.lsp4j.jsonrpc.services.GenericEndpoint notify
INFO: Unsupported notification method: $/setTrace
Oct 09, 2021 3:02:56 PM org.eclipse.lsp4j.jsonrpc.services.GenericEndpoint notify
INFO: Unsupported notification method: $/setTrace
Oct 09, 2021 3:03:06 PM org.eclipse.lsp4j.jsonrpc.services.GenericEndpoint notify
INFO: Unsupported notification method: $/setTrace
Oct 09, 2021 3:03:10 PM org.eclipse.lsp4j.jsonrpc.services.GenericEndpoint notify
INFO: Unsupported notification method: $/setTrace
Oct 09, 2021 3:03:20 PM org.eclipse.lsp4j.jsonrpc.services.GenericEndpoint notify
INFO: Unsupported notification method: $/setTrace
Oct 09, 2021 3:04:03 PM org.eclipse.lsp4j.jsonrpc.services.GenericEndpoint notify
INFO: Unsupported notification method: $/setTrace
[0m2021.10.09 16:17:48 INFO  shutting down Metals[0m
[0m2021.10.09 16:18:03 INFO  Started: Metals version 0.10.7 in workspace '/home/trainingmontage/school/2336' for client Visual Studio Code 1.60.2.[0m
[0m2021.10.09 16:18:05 INFO  time: initialize in 1.91s[0m
[0m2021.10.09 16:18:06 WARN  Build server is not auto-connectable.[0m
[0m2021.10.09 16:18:06 WARN  no build tool detected in workspace '/home/trainingmontage/school/2336'. The most common cause for this problem is that the editor was opened in the wrong working directory, for example if you use sbt then the workspace directory should contain build.sbt. [0m
[0m2021.10.09 16:19:27 INFO  shutting down Metals[0m
[0m2021.10.09 16:19:41 INFO  Started: Metals version 0.10.7 in workspace '/home/trainingmontage/school/2336' for client Visual Studio Code 1.60.2.[0m
[0m2021.10.09 16:19:43 INFO  time: initialize in 1.53s[0m
[0m2021.10.09 16:19:43 WARN  Build server is not auto-connectable.[0m
[0m2021.10.09 16:19:43 WARN  no build tool detected in workspace '/home/trainingmontage/school/2336'. The most common cause for this problem is that the editor was opened in the wrong working directory, for example if you use sbt then the workspace directory should contain build.sbt. [0m
Oct 09, 2021 4:32:48 PM org.eclipse.lsp4j.jsonrpc.services.GenericEndpoint notify
INFO: Unsupported notification method: $/setTrace
Oct 09, 2021 4:32:50 PM org.eclipse.lsp4j.jsonrpc.services.GenericEndpoint notify
INFO: Unsupported notification method: $/setTrace
Oct 09, 2021 4:32:50 PM org.eclipse.lsp4j.jsonrpc.services.GenericEndpoint notify
INFO: Unsupported notification method: $/setTrace
Oct 09, 2021 4:32:50 PM org.eclipse.lsp4j.jsonrpc.services.GenericEndpoint notify
INFO: Unsupported notification method: $/setTrace
Oct 09, 2021 4:32:50 PM org.eclipse.lsp4j.jsonrpc.services.GenericEndpoint notify
INFO: Unsupported notification method: $/setTrace
Oct 10, 2021 9:07:16 AM org.eclipse.lsp4j.jsonrpc.services.GenericEndpoint notify
INFO: Unsupported notification method: $/setTrace
